# JRE version: Java(TM) SE Runtime Environment (8.0_172-b11) (build 1.8.0_172-b11)
# Java VM: Java HotSpot(TM) 64-Bit Server VM (25.172-b11 mixed mode windows-amd64 compressed oops)
Heap:
 PSYoungGen      total 165888K, used 92443K [0x00000000eab00000, 0x00000000ff780000, 0x0000000100000000)
  eden space 143872K, 49% used [0x00000000eab00000,0x00000000ef0209f0,0x00000000f3780000)
  from space 22016K, 98% used [0x00000000f3780000,0x00000000f4ca6560,0x00000000f4d00000)
  to   space 98304K, 0% used [0x00000000f9780000,0x00000000f9780000,0x00000000ff780000)
 ParOldGen       total 335872K, used 252064K [0x00000000c0000000, 0x00000000d4800000, 0x00000000eab00000)
  object space 335872K, 75% used [0x00000000c0000000,0x00000000cf6280a0,0x00000000d4800000)
 Metaspace       used 6841K, capacity 7384K, committed 7680K, reserved 1056768K
  class space    used 643K, capacity 656K, committed 768K, reserved 1048576K
GC Heap History (10 events):
Event: 16.478 GC heap before
{Heap before GC invocations=14 (full 2):
 PSYoungGen      total 259072K, used 259067K [0x00000000eab00000, 0x0000000100000000, 0x0000000100000000)
  eden space 197120K, 100% used [0x00000000eab00000,0x00000000f6b80000,0x00000000f6b80000)
  from space 61952K, 99% used [0x00000000f6b80000,0x00000000fa7feff0,0x00000000fa800000)
  to   space 80896K, 0% used [0x00000000fb100000,0x00000000fb100000,0x0000000100000000)
 ParOldGen       total 196096K, used 120076K [0x00000000c0000000, 0x00000000cbf80000, 0x00000000eab00000)
  object space 196096K, 61% used [0x00000000c0000000,0x00000000c75431e8,0x00000000cbf80000)
 Metaspace       used 6721K, capacity 7320K, committed 7680K, reserved 1056768K
  class space    used 638K, capacity 656K, committed 768K, reserved 1048576K
Event: 16.731 GC heap after
Heap after GC invocations=14 (full 2):
 PSYoungGen      total 234496K, used 80873K [0x00000000eab00000, 0x0000000100000000, 0x0000000100000000)
  eden space 153600K, 0% used [0x00000000eab00000,0x00000000eab00000,0x00000000f4100000)
  from space 80896K, 99% used [0x00000000fb100000,0x00000000ffffa408,0x0000000100000000)
  to   space 97792K, 0% used [0x00000000f4100000,0x00000000f4100000,0x00000000fa080000)
 ParOldGen       total 196096K, used 129454K [0x00000000c0000000, 0x00000000cbf80000, 0x00000000eab00000)
  object space 196096K, 66% used [0x00000000c0000000,0x00000000c7e6bb78,0x00000000cbf80000)
 Metaspace       used 6721K, capacity 7320K, committed 7680K, reserved 1056768K
  class space    used 638K, capacity 656K, committed 768K, reserved 1048576K
}
Event: 17.446 GC heap before
{Heap before GC invocations=15 (full 2):
 PSYoungGen      total 234496K, used 234473K [0x00000000eab00000, 0x0000000100000000, 0x0000000100000000)
  eden space 153600K, 100% used [0x00000000eab00000,0x00000000f4100000,0x00000000f4100000)
  from space 80896K, 99% used [0x00000000fb100000,0x00000000ffffa408,0x0000000100000000)
  to   space 97792K, 0% used [0x00000000f4100000,0x00000000f4100000,0x00000000fa080000)
 ParOldGen       total 196096K, used 129454K [0x00000000c0000000, 0x00000000cbf80000, 0x00000000eab00000)
  object space 196096K, 66% used [0x00000000c0000000,0x00000000c7e6bb78,0x00000000cbf80000)
 Metaspace       used 6723K, capacity 7320K, committed 7680K, reserved 1056768K
  class space    used 638K, capacity 656K, committed 768K, reserved 1048576K
Event: 17.631 GC heap after
Heap after GC invocations=15 (full 2):
 PSYoungGen      total 228352K, used 74476K [0x00000000eab00000, 0x0000000100000000, 0x0000000100000000)
  eden space 153600K, 0% used [0x00000000eab00000,0x00000000eab00000,0x00000000f4100000)
  from space 74752K, 99% used [0x00000000f4100000,0x00000000f89bb0a8,0x00000000f8a00000)
  to   space 104960K, 0% used [0x00000000f9980000,0x00000000f9980000,0x0000000100000000)
 ParOldGen       total 196096K, used 158584K [0x00000000c0000000, 0x00000000cbf80000, 0x00000000eab00000)
  object space 196096K, 80% used [0x00000000c0000000,0x00000000c9ade160,0x00000000cbf80000)
 Metaspace       used 6723K, capacity 7320K, committed 7680K, reserved 1056768K
  class space    used 638K, capacity 656K, committed 768K, reserved 1048576K
}
Event: 18.336 GC heap before
{Heap before GC invocations=16 (full 2):
 PSYoungGen      total 228352K, used 228076K [0x00000000eab00000, 0x0000000100000000, 0x0000000100000000)
  eden space 153600K, 100% used [0x00000000eab00000,0x00000000f4100000,0x00000000f4100000)
  from space 74752K, 99% used [0x00000000f4100000,0x00000000f89bb0a8,0x00000000f8a00000)
  to   space 104960K, 0% used [0x00000000f9980000,0x00000000f9980000,0x0000000100000000)
 ParOldGen       total 196096K, used 158584K [0x00000000c0000000, 0x00000000cbf80000, 0x00000000eab00000)
  object space 196096K, 80% used [0x00000000c0000000,0x00000000c9ade160,0x00000000cbf80000)
 Metaspace       used 6739K, capacity 7320K, committed 7680K, reserved 1056768K
  class space    used 638K, capacity 656K, committed 768K, reserved 1048576K
Event: 18.528 GC heap after
Heap after GC invocations=16 (full 2):
 PSYoungGen      total 248832K, used 45908K [0x00000000eab00000, 0x0000000100000000, 0x0000000100000000)
  eden space 143872K, 0% used [0x00000000eab00000,0x00000000eab00000,0x00000000f3780000)
  from space 104960K, 43% used [0x00000000f9980000,0x00000000fc655270,0x0000000100000000)
  to   space 100352K, 0% used [0x00000000f3780000,0x00000000f3780000,0x00000000f9980000)
 ParOldGen       total 210944K, used 210577K [0x00000000c0000000, 0x00000000cce00000, 0x00000000eab00000)
  object space 210944K, 99% used [0x00000000c0000000,0x00000000ccda4778,0x00000000cce00000)
 Metaspace       used 6739K, capacity 7320K, committed 7680K, reserved 1056768K
  class space    used 638K, capacity 656K, committed 768K, reserved 1048576K
}
Event: 18.528 GC heap before
{Heap before GC invocations=17 (full 3):
 PSYoungGen      total 248832K, used 45908K [0x00000000eab00000, 0x0000000100000000, 0x0000000100000000)
  eden space 143872K, 0% used [0x00000000eab00000,0x00000000eab00000,0x00000000f3780000)
  from space 104960K, 43% used [0x00000000f9980000,0x00000000fc655270,0x0000000100000000)
  to   space 100352K, 0% used [0x00000000f3780000,0x00000000f3780000,0x00000000f9980000)
 ParOldGen       total 210944K, used 210577K [0x00000000c0000000, 0x00000000cce00000, 0x00000000eab00000)
  object space 210944K, 99% used [0x00000000c0000000,0x00000000ccda4778,0x00000000cce00000)
 Metaspace       used 6739K, capacity 7320K, committed 7680K, reserved 1056768K
  class space    used 638K, capacity 656K, committed 768K, reserved 1048576K
Event: 20.686 GC heap after
Heap after GC invocations=17 (full 3):
 PSYoungGen      total 248832K, used 42078K [0x00000000eab00000, 0x0000000100000000, 0x0000000100000000)
  eden space 143872K, 0% used [0x00000000eab00000,0x00000000eab00000,0x00000000f3780000)
  from space 104960K, 40% used [0x00000000f9980000,0x00000000fc297b48,0x0000000100000000)
  to   space 100352K, 0% used [0x00000000f3780000,0x00000000f3780000,0x00000000f9980000)
 ParOldGen       total 335872K, used 210757K [0x00000000c0000000, 0x00000000d4800000, 0x00000000eab00000)
  object space 335872K, 62% used [0x00000000c0000000,0x00000000ccdd17e0,0x00000000d4800000)
 Metaspace       used 6739K, capacity 7320K, committed 7680K, reserved 1056768K
  class space    used 638K, capacity 656K, committed 768K, reserved 1048576K
}
Event: 21.282 GC heap before
{Heap before GC invocations=18 (full 3):
 PSYoungGen      total 248832K, used 185950K [0x00000000eab00000, 0x0000000100000000, 0x0000000100000000)
  eden space 143872K, 100% used [0x00000000eab00000,0x00000000f3780000,0x00000000f3780000)
  from space 104960K, 40% used [0x00000000f9980000,0x00000000fc297b48,0x0000000100000000)
  to   space 100352K, 0% used [0x00000000f3780000,0x00000000f3780000,0x00000000f9980000)
 ParOldGen       total 335872K, used 210757K [0x00000000c0000000, 0x00000000d4800000, 0x00000000eab00000)
  object space 335872K, 62% used [0x00000000c0000000,0x00000000ccdd17e0,0x00000000d4800000)
 Metaspace       used 6739K, capacity 7320K, committed 7680K, reserved 1056768K
  class space    used 638K, capacity 656K, committed 768K, reserved 1048576K
Event: 21.492 GC heap after
Heap after GC invocations=18 (full 3):
 PSYoungGen      total 165888K, used 21657K [0x00000000eab00000, 0x00000000ff780000, 0x0000000100000000)
  eden space 143872K, 0% used [0x00000000eab00000,0x00000000eab00000,0x00000000f3780000)
  from space 22016K, 98% used [0x00000000f3780000,0x00000000f4ca6560,0x00000000f4d00000)
  to   space 98304K, 0% used [0x00000000f9780000,0x00000000f9780000,0x00000000ff780000)
 ParOldGen       total 335872K, used 252064K [0x00000000c0000000, 0x00000000d4800000, 0x00000000eab00000)
  object space 335872K, 75% used [0x00000000c0000000,0x00000000cf6280a0,0x00000000d4800000)
 Metaspace       used 6739K, capacity 7320K, committed 7680K, reserved 1056768K
  class space    used 638K, capacity 656K, committed 768K, reserved 1048576K
}

