# JRE version: Java(TM) SE Runtime Environment (8.0_172-b11) (build 1.8.0_172-b11)
# Java VM: Java HotSpot(TM) 64-Bit Server VM (25.172-b11 mixed mode windows-amd64 compressed oops)
Heap:
 PSYoungGen      total 287744K, used 287733K [0x00000000eab00000, 0x0000000100000000, 0x0000000100000000)
  eden space 236032K, 100% used [0x00000000eab00000,0x00000000f9180000,0x00000000f9180000)
  from space 51712K, 99% used [0x00000000f9180000,0x00000000fc3fd770,0x00000000fc400000)
  to   space 61440K, 94% used [0x00000000fc400000,0x00000000ffcc2908,0x0000000100000000)
 ParOldGen       total 699392K, used 127533K [0x00000000c0000000, 0x00000000eab00000, 0x00000000eab00000)
  object space 699392K, 18% used [0x00000000c0000000,0x00000000c7c8b5a8,0x00000000eab00000)
 Metaspace       used 6717K, capacity 7320K, committed 7680K, reserved 1056768K
  class space    used 638K, capacity 656K, committed 768K, reserved 1048576K
GC Heap History (10 events):
Event: 3.368 GC heap after
Heap after GC invocations=8 (full 0):
 PSYoungGen      total 212992K, used 27633K [0x00000000eab00000, 0x00000000fa800000, 0x0000000100000000)
  eden space 185344K, 0% used [0x00000000eab00000,0x00000000eab00000,0x00000000f6000000)
  from space 27648K, 99% used [0x00000000f8100000,0x00000000f9bfc4b0,0x00000000f9c00000)
  to   space 33792K, 0% used [0x00000000f6000000,0x00000000f6000000,0x00000000f8100000)
 ParOldGen       total 65536K, used 42161K [0x00000000c0000000, 0x00000000c4000000, 0x00000000eab00000)
  object space 65536K, 64% used [0x00000000c0000000,0x00000000c292c5e8,0x00000000c4000000)
 Metaspace       used 6642K, capacity 7256K, committed 7424K, reserved 1056768K
  class space    used 637K, capacity 656K, committed 768K, reserved 1048576K
}
Event: 4.426 GC heap before
{Heap before GC invocations=9 (full 0):
 PSYoungGen      total 212992K, used 212977K [0x00000000eab00000, 0x00000000fa800000, 0x0000000100000000)
  eden space 185344K, 100% used [0x00000000eab00000,0x00000000f6000000,0x00000000f6000000)
  from space 27648K, 99% used [0x00000000f8100000,0x00000000f9bfc4b0,0x00000000f9c00000)
  to   space 33792K, 0% used [0x00000000f6000000,0x00000000f6000000,0x00000000f8100000)
 ParOldGen       total 65536K, used 42161K [0x00000000c0000000, 0x00000000c4000000, 0x00000000eab00000)
  object space 65536K, 64% used [0x00000000c0000000,0x00000000c292c5e8,0x00000000c4000000)
 Metaspace       used 6687K, capacity 7256K, committed 7424K, reserved 1056768K
  class space    used 637K, capacity 656K, committed 768K, reserved 1048576K
Event: 4.662 GC heap after
Heap after GC invocations=9 (full 0):
 PSYoungGen      total 219136K, used 33773K [0x00000000eab00000, 0x0000000100000000, 0x0000000100000000)
  eden space 185344K, 0% used [0x00000000eab00000,0x00000000eab00000,0x00000000f6000000)
  from space 33792K, 99% used [0x00000000f6000000,0x00000000f80fb568,0x00000000f8100000)
  to   space 47616K, 0% used [0x00000000fd180000,0x00000000fd180000,0x0000000100000000)
 ParOldGen       total 65536K, used 62659K [0x00000000c0000000, 0x00000000c4000000, 0x00000000eab00000)
  object space 65536K, 95% used [0x00000000c0000000,0x00000000c3d30e60,0x00000000c4000000)
 Metaspace       used 6687K, capacity 7256K, committed 7424K, reserved 1056768K
  class space    used 637K, capacity 656K, committed 768K, reserved 1048576K
}
Event: 4.662 GC heap before
{Heap before GC invocations=10 (full 1):
 PSYoungGen      total 219136K, used 33773K [0x00000000eab00000, 0x0000000100000000, 0x0000000100000000)
  eden space 185344K, 0% used [0x00000000eab00000,0x00000000eab00000,0x00000000f6000000)
  from space 33792K, 99% used [0x00000000f6000000,0x00000000f80fb568,0x00000000f8100000)
  to   space 47616K, 0% used [0x00000000fd180000,0x00000000fd180000,0x0000000100000000)
 ParOldGen       total 65536K, used 62659K [0x00000000c0000000, 0x00000000c4000000, 0x00000000eab00000)
  object space 65536K, 95% used [0x00000000c0000000,0x00000000c3d30e60,0x00000000c4000000)
 Metaspace       used 6687K, capacity 7256K, committed 7424K, reserved 1056768K
  class space    used 637K, capacity 656K, committed 768K, reserved 1048576K
Event: 5.576 GC heap after
Heap after GC invocations=10 (full 1):
 PSYoungGen      total 219136K, used 25006K [0x00000000eab00000, 0x0000000100000000, 0x0000000100000000)
  eden space 185344K, 0% used [0x00000000eab00000,0x00000000eab00000,0x00000000f6000000)
  from space 33792K, 74% used [0x00000000f6000000,0x00000000f786bba0,0x00000000f8100000)
  to   space 47616K, 0% used [0x00000000fd180000,0x00000000fd180000,0x0000000100000000)
 ParOldGen       total 124416K, used 65529K [0x00000000c0000000, 0x00000000c7980000, 0x00000000eab00000)
  object space 124416K, 52% used [0x00000000c0000000,0x00000000c3ffe518,0x00000000c7980000)
 Metaspace       used 6687K, capacity 7256K, committed 7424K, reserved 1056768K
  class space    used 637K, capacity 656K, committed 768K, reserved 1048576K
}
Event: 6.436 GC heap before
{Heap before GC invocations=11 (full 1):
 PSYoungGen      total 219136K, used 210350K [0x00000000eab00000, 0x0000000100000000, 0x0000000100000000)
  eden space 185344K, 100% used [0x00000000eab00000,0x00000000f6000000,0x00000000f6000000)
  from space 33792K, 74% used [0x00000000f6000000,0x00000000f786bba0,0x00000000f8100000)
  to   space 47616K, 0% used [0x00000000fd180000,0x00000000fd180000,0x0000000100000000)
 ParOldGen       total 124416K, used 65529K [0x00000000c0000000, 0x00000000c7980000, 0x00000000eab00000)
  object space 124416K, 52% used [0x00000000c0000000,0x00000000c3ffe518,0x00000000c7980000)
 Metaspace       used 6704K, capacity 7320K, committed 7680K, reserved 1056768K
  class space    used 637K, capacity 656K, committed 768K, reserved 1048576K
Event: 6.639 GC heap after
Heap after GC invocations=11 (full 1):
 PSYoungGen      total 267776K, used 37644K [0x00000000eab00000, 0x00000000ff680000, 0x0000000100000000)
  eden space 229888K, 0% used [0x00000000eab00000,0x00000000eab00000,0x00000000f8b80000)
  from space 37888K, 99% used [0x00000000fd180000,0x00000000ff643330,0x00000000ff680000)
  to   space 51712K, 0% used [0x00000000f9180000,0x00000000f9180000,0x00000000fc400000)
 ParOldGen       total 124416K, used 78634K [0x00000000c0000000, 0x00000000c7980000, 0x00000000eab00000)
  object space 124416K, 63% used [0x00000000c0000000,0x00000000c4ccab30,0x00000000c7980000)
 Metaspace       used 6704K, capacity 7320K, committed 7680K, reserved 1056768K
  class space    used 637K, capacity 656K, committed 768K, reserved 1048576K
}
Event: 9.467 GC heap before
{Heap before GC invocations=12 (full 1):
 PSYoungGen      total 267776K, used 267532K [0x00000000eab00000, 0x00000000ff680000, 0x0000000100000000)
  eden space 229888K, 100% used [0x00000000eab00000,0x00000000f8b80000,0x00000000f8b80000)
  from space 37888K, 99% used [0x00000000fd180000,0x00000000ff643330,0x00000000ff680000)
  to   space 51712K, 0% used [0x00000000f9180000,0x00000000f9180000,0x00000000fc400000)
 ParOldGen       total 124416K, used 78634K [0x00000000c0000000, 0x00000000c7980000, 0x00000000eab00000)
  object space 124416K, 63% used [0x00000000c0000000,0x00000000c4ccab30,0x00000000c7980000)
 Metaspace       used 6708K, capacity 7320K, committed 7680K, reserved 1056768K
  class space    used 638K, capacity 656K, committed 768K, reserved 1048576K
Event: 9.658 GC heap after
Heap after GC invocations=12 (full 1):
 PSYoungGen      total 287744K, used 51701K [0x00000000eab00000, 0x0000000100000000, 0x0000000100000000)
  eden space 236032K, 0% used [0x00000000eab00000,0x00000000eab00000,0x00000000f9180000)
  from space 51712K, 99% used [0x00000000f9180000,0x00000000fc3fd770,0x00000000fc400000)
  to   space 61440K, 0% used [0x00000000fc400000,0x00000000fc400000,0x0000000100000000)
 ParOldGen       total 124416K, used 98025K [0x00000000c0000000, 0x00000000c7980000, 0x00000000eab00000)
  object space 124416K, 78% used [0x00000000c0000000,0x00000000c5fba560,0x00000000c7980000)
 Metaspace       used 6708K, capacity 7320K, committed 7680K, reserved 1056768K
  class space    used 638K, capacity 656K, committed 768K, reserved 1048576K
}
Event: 10.839 GC heap before
{Heap before GC invocations=13 (full 1):
 PSYoungGen      total 287744K, used 287733K [0x00000000eab00000, 0x0000000100000000, 0x0000000100000000)
  eden space 236032K, 100% used [0x00000000eab00000,0x00000000f9180000,0x00000000f9180000)
  from space 51712K, 99% used [0x00000000f9180000,0x00000000fc3fd770,0x00000000fc400000)
  to   space 61440K, 0% used [0x00000000fc400000,0x00000000fc400000,0x0000000100000000)
 ParOldGen       total 124416K, used 98025K [0x00000000c0000000, 0x00000000c7980000, 0x00000000eab00000)
  object space 124416K, 78% used [0x00000000c0000000,0x00000000c5fba560,0x00000000c7980000)
 Metaspace       used 6717K, capacity 7320K, committed 7680K, reserved 1056768K
  class space    used 638K, capacity 656K, committed 768K, reserved 1048576K

